2014.04.08 21:26:47.341 EDT INFO: *** SYSTEM START ***
2014.04.08 21:26:48.644 EDT WARNING: [Local Folder Repository] The specified file must be a directory. (B:\Project\plugins\edu.stanford.smi.protegex.owl) -- LocalFolderRepository.update()
2014.04.08 21:26:49.073 EDT INFO: Loading triples from: file:/H:/code/Clients/Wiki/Wiki-SAConnector/ontology-repository/WikiOntology.owl -- ProtegeOWLParser.loadTriples()
2014.04.08 21:26:49.765 EDT INFO:     Completed triple loading after 544 ms -- ProtegeOWLParser.loadTriples()
2014.04.08 21:26:50.806 EDT WARNING: Could not get ontology from URL: http://localhost/ConceptUpper.owl -- HTTPRepository.update()
2014.04.08 21:26:51.808 EDT WARNING: The system cannot find the ontology http://localhost/ConceptUpper.owl in any of the repositories. This import will be ignored. -- UnresolvedImportUIHandler.handleUnresolvableImport()
2014.04.08 21:26:51.808 EDT INFO: Postprocess: Process entities with incorrect Java type (0 entities) ...  -- TriplePostProcessor.processFramesWithWrongJavaType()
2014.04.08 21:26:51.809 EDT INFO: 0 ms
 -- TriplePostProcessor.processFramesWithWrongJavaType()
2014.04.08 21:26:51.809 EDT INFO: Postprocess: Process metaclasses (3 metaclasses) ...  -- TriplePostProcessor.processMetaclasses()
2014.04.08 21:26:51.809 EDT INFO: 0 ms
 -- TriplePostProcessor.processMetaclasses()
2014.04.08 21:26:51.809 EDT INFO: Postprocess: Process subclasses of rdf:List (1 classes) ...  -- TriplePostProcessor.processSubclassesOfRdfList()
2014.04.08 21:26:51.810 EDT INFO: 0 ms
 -- TriplePostProcessor.processSubclassesOfRdfList()
2014.04.08 21:26:51.810 EDT INFO: Postprocess: Instances with multiple types (2 instances) ...  -- TriplePostProcessor.processInstancesWithMultipleTypes()
2014.04.08 21:26:51.810 EDT INFO: 0 ms
 -- TriplePostProcessor.processInstancesWithMultipleTypes()
2014.04.08 21:26:51.831 EDT INFO: Postprocess: Add inferred superclasses ...  -- TriplePostProcessor.processInferredSuperclasses()
2014.04.08 21:26:51.831 EDT INFO: 0 ms
 -- TriplePostProcessor.processInferredSuperclasses()
2014.04.08 21:26:51.834 EDT INFO: Postprocess: Process orphan classes (13 classes) ...  -- TriplePostProcessor.processOrphanClses()
2014.04.08 21:26:51.836 EDT INFO: 2 ms
 -- TriplePostProcessor.processOrphanClses()
2014.04.08 21:26:51.836 EDT INFO: Postprocess: Generalized Concept Inclusion (0 axioms) ...  -- TriplePostProcessor.processGeneralizedConceptInclusions()
2014.04.08 21:26:51.836 EDT INFO: 0 ms
 -- TriplePostProcessor.processGeneralizedConceptInclusions()
2014.04.08 21:26:51.836 EDT INFO: Postprocess: Abstract classes...  -- TriplePostProcessor.processAbstractClasses()
2014.04.08 21:26:51.836 EDT INFO: 0 ms
 -- TriplePostProcessor.processAbstractClasses()
2014.04.08 21:26:51.836 EDT INFO: Postprocess: Domain and range of properties...  -- TriplePostProcessor.processDomainAndRange()
2014.04.08 21:26:51.854 EDT INFO: 17 ms
 -- TriplePostProcessor.processDomainAndRange()
2014.04.08 21:26:51.854 EDT INFO: Postprocess: Possibly typed entities (5 resources) ...  -- TriplePostProcessor.processPossiblyTypedResources()
2014.04.08 21:26:51.855 EDT INFO: 1 ms
 -- TriplePostProcessor.processPossiblyTypedResources()
2014.04.08 21:26:51.855 EDT INFO: Updating underlying frames model in 0 ms -- ProtegeOWLParser.doFinalPostProcessing()
2014.04.08 21:26:51.859 EDT INFO: Importing file:/H:/code/Clients/Wiki/Wiki-SAConnector/ontology-repository/MediaWiki.owl from location: file:/H:/code/Clients/Wiki/Wiki-SAConnector/ontology-repository/MediaWiki.owl [actual ontology at this location: http://localhost/MediaWiki.owl] -- AbstractOWLModel.loadImportedAssertions()
2014.04.08 21:26:51.862 EDT INFO: Loading triples from: file:/H:/code/Clients/Wiki/Wiki-SAConnector/ontology-repository/MediaWiki.owl -- ProtegeOWLParser.loadTriples()
2014.04.08 21:26:51.978 EDT INFO:     Completed triple loading after 115 ms -- ProtegeOWLParser.loadTriples()
2014.04.08 21:26:51.979 EDT INFO: Postprocess: Process entities with incorrect Java type (0 entities) ...  -- TriplePostProcessor.processFramesWithWrongJavaType()
2014.04.08 21:26:51.979 EDT INFO: 0 ms
 -- TriplePostProcessor.processFramesWithWrongJavaType()
2014.04.08 21:26:51.979 EDT INFO: Postprocess: Process metaclasses (3 metaclasses) ...  -- TriplePostProcessor.processMetaclasses()
2014.04.08 21:26:51.980 EDT INFO: 0 ms
 -- TriplePostProcessor.processMetaclasses()
2014.04.08 21:26:51.980 EDT INFO: Postprocess: Process subclasses of rdf:List (1 classes) ...  -- TriplePostProcessor.processSubclassesOfRdfList()
2014.04.08 21:26:51.980 EDT INFO: 0 ms
 -- TriplePostProcessor.processSubclassesOfRdfList()
2014.04.08 21:26:51.980 EDT INFO: Postprocess: Instances with multiple types (7 instances) ...  -- TriplePostProcessor.processInstancesWithMultipleTypes()
2014.04.08 21:26:51.981 EDT INFO: 1 ms
 -- TriplePostProcessor.processInstancesWithMultipleTypes()
2014.04.08 21:26:51.981 EDT INFO: Postprocess: Add inferred superclasses ...  -- TriplePostProcessor.processInferredSuperclasses()
2014.04.08 21:26:51.981 EDT INFO: 0 ms
 -- TriplePostProcessor.processInferredSuperclasses()
2014.04.08 21:26:51.981 EDT INFO: Postprocess: Process orphan classes (27 classes) ...  -- TriplePostProcessor.processOrphanClses()
2014.04.08 21:26:51.984 EDT INFO: 2 ms
 -- TriplePostProcessor.processOrphanClses()
2014.04.08 21:26:51.985 EDT INFO: Postprocess: Generalized Concept Inclusion (0 axioms) ...  -- TriplePostProcessor.processGeneralizedConceptInclusions()
2014.04.08 21:26:51.985 EDT INFO: 0 ms
 -- TriplePostProcessor.processGeneralizedConceptInclusions()
2014.04.08 21:26:51.985 EDT INFO: Postprocess: Abstract classes...  -- TriplePostProcessor.processAbstractClasses()
2014.04.08 21:26:51.985 EDT INFO: 0 ms
 -- TriplePostProcessor.processAbstractClasses()
2014.04.08 21:26:51.985 EDT INFO: Postprocess: Domain and range of properties...  -- TriplePostProcessor.processDomainAndRange()
2014.04.08 21:26:51.990 EDT INFO: 4 ms
 -- TriplePostProcessor.processDomainAndRange()
2014.04.08 21:26:51.991 EDT INFO: Postprocess: Possibly typed entities (2 resources) ...  -- TriplePostProcessor.processPossiblyTypedResources()
2014.04.08 21:26:51.991 EDT INFO: 0 ms
 -- TriplePostProcessor.processPossiblyTypedResources()
2014.04.08 21:26:51.991 EDT INFO: Updating underlying frames model in 0 ms -- ProtegeOWLParser.doFinalPostProcessing()
